* Starting client
* Connecting to master process on port 13817
* Analyzing classpath: 
  - C:\Users\Lucas\eclipse-workspace\IATest\target\test-classes
  - C:\Users\Lucas\eclipse-workspace\IATest\target\classes
  - C:\Users\Lucas\.m2\repository\junit\junit\4.12\junit-4.12.jar
  - C:\Users\Lucas\.m2\repository\org\hamcrest\hamcrest-core\1.3\hamcrest-core-1.3.jar
* Finished analyzing classpath
* Generating tests for class fb.FizzBuzz
* Test criteria:
  - Line Coverage
  - Branch Coverage
  - Exception
  - Mutation testing (weak)
  - Method-Output Coverage
  - Top-Level Method Coverage
  - No-Exception Top-Level Method Coverage
  - Context Branch Coverage
* Setting up search algorithm for whole suite generation
[MASTER] 15:49:46.222 [pool-2-thread-1] WARN  TestSuiteSerialization - Cannot load tests because file does not exist: C:\Users\Lucas\eclipse-workspace\IATest\.evosuite\evosuite-seeds\fb.FizzBuzz.seed
* Loaded 0 tests from C:\Users\Lucas\eclipse-workspace\IATest\.evosuite\evosuite-seeds\fb.FizzBuzz.seed
* Total number of test goals: 
  - Line 10
  - Branch 11
  - Exception 0
  - MutationFactory 74
  - Output 3
  - Method 2
  - MethodNoException 2
  - CBranchFitnessFactory 11
* Using seed 1607021379428
* Starting evolution
* Search finished after 66s and 738 generations, 274643 statements, best individual has fitness: 8.999999999999998
* Writing sequences to pool
* Minimizing test suite
* Going to analyze the coverage criteria
* Coverage analysis for criterion LINE
* Coverage of criterion LINE: 90%
* Total number of goals: 10
* Number of covered goals: 9
* Coverage analysis for criterion BRANCH
* Coverage of criterion BRANCH: 91%
* Total number of goals: 11
* Number of covered goals: 10
* Coverage analysis for criterion EXCEPTION
* Coverage of criterion EXCEPTION: 100% (no goals)
* Coverage analysis for criterion WEAKMUTATION
* Coverage of criterion WEAKMUTATION: 96%
* Total number of goals: 74
* Number of covered goals: 71
* Coverage analysis for criterion OUTPUT
* Coverage of criterion OUTPUT: 33%
* Total number of goals: 3
* Number of covered goals: 1
* Coverage analysis for criterion METHOD
* Coverage of criterion METHOD: 100%
* Total number of goals: 2
* Number of covered goals: 2
* Coverage analysis for criterion METHODNOEXCEPTION
* Coverage of criterion METHODNOEXCEPTION: 100%
* Total number of goals: 2
* Number of covered goals: 2
* Coverage analysis for criterion CBRANCH
* Coverage of criterion CBRANCH: 91%
* Total number of goals: 11
* Number of covered goals: 10
* Generated 7 tests with total length 14
* Resulting test suite's coverage: 88% (average coverage for all fitness functions)
* Generating assertions
* Resulting test suite's mutation score: 89%
* Compiling and checking tests
* Writing JUnit test case 'FizzBuzz_ESTest' to C:\Users\Lucas\eclipse-workspace\IATest\.evosuite\tmp_2020_12_03_15_49_31\tests
* Done!

